<?xml version="1.0" encoding="UTF-8"?>
<!-- Generated by org.testng.reporters.JUnitReportReporter -->
<testsuite hostname="Desktop-Gaston" failures="0" tests="1" name="Academy.validateNavBar" time="0.058" errors="0" timestamp="2021-07-15T18:03:48 UYT" skipped="0">
  <testcase classname="Academy.validateNavBar" name="navbarNavigation" time="0.058"/>
  <system-out/>
</testsuite> <!-- Academy.validateNavBar -->
