<?xml version="1.0" encoding="UTF-8"?>
<!-- Generated by org.testng.reporters.JUnitReportReporter -->
<testsuite hostname="Desktop-Gaston" name="Academy.homePage" tests="1" failures="0" timestamp="16 Jul 2021 16:39:56 GMT" time="5.651" errors="0">
  <testcase name="basepageNavigation" time="5.651" classname="Academy.homePage"/>
</testsuite> <!-- Academy.homePage -->
