<?xml version="1.0" encoding="UTF-8"?>
<!-- Generated by org.testng.reporters.JUnitReportReporter -->
<testsuite hostname="Desktop-Gaston" name="Academy.validateNavBar" tests="1" failures="0" timestamp="16 Jul 2021 16:39:56 GMT" time="0.071" errors="0">
  <testcase name="navbarNavigation" time="0.071" classname="Academy.validateNavBar"/>
</testsuite> <!-- Academy.validateNavBar -->
